<?xml version="1.0" encoding="UTF-8"?>
<!-- Generated by org.testng.reporters.JUnitReportReporter -->
<testsuite hostname="WL2781-0044061" name="pMall_TestCases_FailOverTest.FailOver_Login_002" tests="1" failures="0" timestamp="31 Aug 2018 07:11:18 GMT" time="13.629" errors="0">
  <testcase name="Login" time="13.629" classname="pMall_TestCases_FailOverTest.FailOver_Login_002"/>
</testsuite> <!-- pMall_TestCases_FailOverTest.FailOver_Login_002 -->
