<?xml version="1.0" encoding="UTF-8"?>
<!-- Generated by org.testng.reporters.JUnitReportReporter -->
<testsuite hostname="WL2781-0044061" name="pMall_TestCases.WelcomeEmailPopUpValidate_001" tests="1" failures="0" timestamp="3 Jul 2019 09:46:26 GMT" time="20.343" errors="0">
  <testcase name="Login" time="20.343" classname="pMall_TestCases.WelcomeEmailPopUpValidate_001"/>
</testsuite> <!-- pMall_TestCases.WelcomeEmailPopUpValidate_001 -->
