<?xml version="1.0" encoding="UTF-8"?>
<!-- Generated by org.testng.reporters.JUnitReportReporter -->
<testsuite hostname="WL2781-0044061" name="pMall_TestCases_FailOverTest.FailOver_Login_002" tests="1" failures="0" timestamp="3 Sep 2018 04:07:16 GMT" time="21.291" errors="0">
  <testcase name="Login" time="21.291" classname="pMall_TestCases_FailOverTest.FailOver_Login_002"/>
</testsuite> <!-- pMall_TestCases_FailOverTest.FailOver_Login_002 -->
