<?xml version="1.0" encoding="UTF-8"?>
<!-- Generated by org.testng.reporters.JUnitReportReporter -->
<testsuite hostname="WL2781-0044061" name="pMall_TestCases.PlaceOrder" tests="1" failures="0" timestamp="10 Jul 2019 06:07:58 GMT" time="164.726" errors="0">
  <testcase name="Login" time="164.726" classname="pMall_TestCases.PlaceOrder"/>
</testsuite> <!-- pMall_TestCases.PlaceOrder -->
