<?xml version="1.0" encoding="UTF-8"?>
<!-- Generated by org.testng.reporters.JUnitReportReporter -->
<testsuite hostname="WL2781-0044061" name="Timesheet" tests="1" failures="0" timestamp="15 Jul 2019 06:34:49 GMT" time="89.976" errors="0">
  <testcase name="firsttest" time="89.976" classname="Timesheet"/>
</testsuite> <!-- Timesheet -->
