<?xml version="1.0" encoding="UTF-8"?>
<!-- Generated by org.testng.reporters.JUnitReportReporter -->
<testsuite hostname="WL2781-0044061" name="Timesheet" tests="1" failures="0" timestamp="31 Oct 2019 07:09:14 GMT" time="114.485" errors="0">
  <testcase name="firsttest" time="114.485" classname="Timesheet"/>
</testsuite> <!-- Timesheet -->
