<?xml version="1.0" encoding="UTF-8"?>
<!-- Generated by org.testng.reporters.JUnitReportReporter -->
<testsuite hostname="WL2781-0044061" name="Timesheet" tests="1" failures="0" timestamp="19 Aug 2019 11:36:13 GMT" time="28.207" errors="0">
  <testcase name="firsttest" time="28.207" classname="Timesheet"/>
</testsuite> <!-- Timesheet -->
