<?xml version="1.0" encoding="UTF-8"?>
<!-- Generated by org.testng.reporters.JUnitReportReporter -->
<testsuite hostname="WL2781-0044061" name="pMall_TestCases.Newclasstitleverification" tests="1" failures="0" timestamp="15 Oct 2019 10:44:40 GMT" time="144.780" errors="0">
  <testcase name="getCanonicallink" time="144.780" classname="pMall_TestCases.Newclasstitleverification"/>
</testsuite> <!-- pMall_TestCases.Newclasstitleverification -->
