<?xml version="1.0" encoding="UTF-8"?>
<!-- Generated by org.testng.reporters.JUnitReportReporter -->
<testsuite hostname="WL2781-0044061" name="pMall_TestCases_FailOverTest.FailOver_WelcomeEmailPopUp_001" tests="1" failures="0" timestamp="3 Sep 2018 04:07:16 GMT" time="16.168" errors="0">
  <testcase name="Login" time="16.168" classname="pMall_TestCases_FailOverTest.FailOver_WelcomeEmailPopUp_001"/>
</testsuite> <!-- pMall_TestCases_FailOverTest.FailOver_WelcomeEmailPopUp_001 -->
