<?xml version="1.0" encoding="UTF-8"?>
<!-- Generated by org.testng.reporters.JUnitReportReporter -->
<testsuite hostname="WL2781-0044061" name="Timesheet" tests="1" failures="0" timestamp="22 Oct 2019 07:49:02 GMT" time="101.657" errors="0">
  <testcase name="firsttest" time="101.657" classname="Timesheet"/>
</testsuite> <!-- Timesheet -->
