<?xml version="1.0" encoding="UTF-8"?>
<!-- Generated by org.testng.reporters.JUnitReportReporter -->
<testsuite hostname="WL2781-0044061" name="pMall_TestCases.PlaceOrder" tests="1" failures="0" timestamp="7 Aug 2019 09:11:32 GMT" time="151.629" errors="0">
  <testcase name="Login" time="151.629" classname="pMall_TestCases.PlaceOrder"/>
</testsuite> <!-- pMall_TestCases.PlaceOrder -->
