<?xml version="1.0" encoding="UTF-8"?>
<!-- Generated by org.testng.reporters.JUnitReportReporter -->
<testsuite hostname="WL2781-0044061" name="Timesheet" tests="1" failures="0" timestamp="17 Sep 2019 10:54:59 GMT" time="73.861" errors="0">
  <testcase name="firsttest" time="73.861" classname="Timesheet"/>
</testsuite> <!-- Timesheet -->
