<?xml version="1.0" encoding="UTF-8"?>
<!-- Generated by org.testng.reporters.JUnitReportReporter -->
<testsuite hostname="WL2781-0044061" name="pMall_TestCases.PlaceOrder" tests="2" failures="0" timestamp="27 Aug 2019 09:19:27 GMT" time="71.257" errors="0">
  <testcase name="PlaceanOrder" time="35.937" classname="pMall_TestCases.PlaceOrder"/>
  <testcase name="PlaceanOrder" time="35.320" classname="pMall_TestCases.PlaceOrder"/>
</testsuite> <!-- pMall_TestCases.PlaceOrder -->
