<?xml version="1.0" encoding="UTF-8"?>
<!-- Generated by org.testng.reporters.JUnitReportReporter -->
<testsuite hostname="Vandna" name="pMall_TestCases_FailOverTest.FailOver_Login_002" tests="1" failures="0" timestamp="31 Aug 2018 17:39:58 GMT" time="22.513" errors="0">
  <testcase name="Login" time="22.513" classname="pMall_TestCases_FailOverTest.FailOver_Login_002"/>
</testsuite> <!-- pMall_TestCases_FailOverTest.FailOver_Login_002 -->
