<?xml version="1.0" encoding="UTF-8"?>
<!-- Generated by org.testng.reporters.JUnitReportReporter -->
<testsuite hostname="WL2781-0044061" name="FindAlttext" tests="1" failures="0" timestamp="17 Jun 2019 08:47:31 GMT" time="176.538" errors="0">
  <testcase name="firsttest" time="176.538" classname="FindAlttext"/>
</testsuite> <!-- FindAlttext -->
