<?xml version="1.0" encoding="UTF-8"?>
<!-- Generated by org.testng.reporters.JUnitReportReporter -->
<testsuite hostname="WL2781-0044061" name="pMall_TestCases.Login_002" tests="1" failures="0" timestamp="3 Sep 2018 04:56:25 GMT" time="22.927" errors="0">
  <testcase name="Login" time="22.927" classname="pMall_TestCases.Login_002"/>
</testsuite> <!-- pMall_TestCases.Login_002 -->
