<?xml version="1.0" encoding="UTF-8"?>
<!-- Generated by org.testng.reporters.JUnitReportReporter -->
<testsuite hostname="WL2781-0044061" name="pMall_Methods.BrowserStack" tests="1" failures="0" timestamp="9 Oct 2019 06:49:49 GMT" time="24.456" errors="0">
  <testcase name="bstack" time="24.456" classname="pMall_Methods.BrowserStack"/>
</testsuite> <!-- pMall_Methods.BrowserStack -->
