<?xml version="1.0" encoding="UTF-8"?>
<!-- Generated by org.testng.reporters.JUnitReportReporter -->
<testsuite hostname="WL2781-0044061" name="Timesheet" tests="1" failures="0" timestamp="31 Aug 2018 11:08:25 GMT" time="9.299" errors="0">
  <testcase name="firsttest" time="9.299" classname="Timesheet"/>
</testsuite> <!-- Timesheet -->
