<?xml version="1.0" encoding="UTF-8"?>
<!-- Generated by org.testng.reporters.JUnitReportReporter -->
<testsuite hostname="VBS-PC74" name="com.FirstClass" tests="1" failures="0" timestamp="8 Jan 2018 15:52:39 GMT" time="0.000" errors="0">
  <testcase name="firsttest" time="0.000" classname="com.FirstClass"/>
</testsuite> <!-- com.FirstClass -->
