<?xml version="1.0" encoding="UTF-8"?>
<!-- Generated by org.testng.reporters.JUnitReportReporter -->
<testsuite hostname="WL2781-0044061" name="pMall_TestCases.PlaceOrder" tests="1" failures="0" timestamp="29 Jul 2019 07:34:54 GMT" time="166.400" errors="0">
  <testcase name="Login" time="166.400" classname="pMall_TestCases.PlaceOrder"/>
</testsuite> <!-- pMall_TestCases.PlaceOrder -->
