<?xml version="1.0" encoding="UTF-8"?>
<!-- Generated by org.testng.reporters.JUnitReportReporter -->
<testsuite hostname="WL2781-0044061" name="Timesheet" tests="1" failures="0" timestamp="1 Jul 2019 07:58:34 GMT" time="88.856" errors="0">
  <testcase name="firsttest" time="88.856" classname="Timesheet"/>
</testsuite> <!-- Timesheet -->
