<?xml version="1.0" encoding="UTF-8"?>
<!-- Generated by org.testng.reporters.JUnitReportReporter -->
<testsuite hostname="WL2781-0044061" name="pMall_TestCases.Loginn_002" tests="1" failures="0" timestamp="3 Jul 2019 13:06:50 GMT" time="107.861" errors="0">
  <testcase name="Login" time="107.861" classname="pMall_TestCases.Loginn_002"/>
</testsuite> <!-- pMall_TestCases.Loginn_002 -->
