<?xml version="1.0" encoding="UTF-8"?>
<!-- Generated by org.testng.reporters.JUnitReportReporter -->
<testsuite hostname="Vandna" name="pMall_TestCases_FailOverTest.FailOver_WelcomeEmailPopUp_001" tests="1" failures="0" timestamp="31 Aug 2018 17:39:58 GMT" time="15.984" errors="0">
  <testcase name="Login" time="15.984" classname="pMall_TestCases_FailOverTest.FailOver_WelcomeEmailPopUp_001"/>
</testsuite> <!-- pMall_TestCases_FailOverTest.FailOver_WelcomeEmailPopUp_001 -->
