<?xml version="1.0" encoding="UTF-8"?>
<!-- Generated by org.testng.reporters.JUnitReportReporter -->
<testsuite hostname="WL2781-0044061" name="pMall_TestCases_FailOverTest.FailOver_WelcomeEmailPopUp_001" tests="1" failures="0" timestamp="31 Aug 2018 11:22:05 GMT" time="15.950" errors="0">
  <testcase name="Login" time="15.950" classname="pMall_TestCases_FailOverTest.FailOver_WelcomeEmailPopUp_001"/>
</testsuite> <!-- pMall_TestCases_FailOverTest.FailOver_WelcomeEmailPopUp_001 -->
